TN:
SF:src\services\AuthenticateUserService.ts
FN:23,AuthenticateUserService
FN:27,Object.<anonymous>.AuthenticateUserService.execute
FNF:2
FNH:2
FNDA:3,AuthenticateUserService
FNDA:3,Object.<anonymous>.AuthenticateUserService.execute
DA:1,1
DA:2,1
DA:3,1
DA:4,1
DA:5,1
DA:6,1
DA:7,1
DA:8,1
DA:9,1
DA:10,1
DA:11,1
DA:12,1
DA:13,1
DA:14,1
DA:15,1
DA:16,1
DA:17,1
DA:18,1
DA:19,1
DA:20,1
DA:21,1
DA:22,1
DA:23,1
DA:24,3
DA:25,3
DA:26,1
DA:27,1
DA:28,3
DA:29,3
DA:30,3
DA:31,1
DA:32,1
DA:33,2
DA:34,2
DA:35,3
DA:36,3
DA:37,0
DA:38,0
DA:39,3
DA:40,3
DA:41,3
DA:42,3
DA:43,3
DA:44,3
DA:45,3
DA:46,3
DA:47,3
DA:48,3
DA:49,3
DA:50,3
DA:51,3
DA:52,1
DA:53,1
DA:54,1
LF:54
LH:52
BRDA:20,0,0,1
BRDA:23,1,0,3
BRDA:27,2,0,3
BRDA:28,3,0,3
BRDA:30,4,0,1
BRDA:33,5,0,2
BRDA:36,6,0,0
BRF:7
BRH:6
end_of_record
TN:
SF:src\services\CreateBrandService.ts
FN:16,CreateBrandService
FN:20,Object.<anonymous>.CreateBrandService.execute
FNF:2
FNH:2
FNDA:3,CreateBrandService
FNDA:4,Object.<anonymous>.CreateBrandService.execute
DA:1,1
DA:2,1
DA:3,1
DA:4,1
DA:5,1
DA:6,1
DA:7,1
DA:8,1
DA:9,1
DA:10,1
DA:11,1
DA:12,1
DA:13,1
DA:14,1
DA:15,1
DA:16,1
DA:17,3
DA:18,3
DA:19,1
DA:20,1
DA:21,4
DA:22,4
DA:23,4
DA:24,4
DA:25,4
DA:26,4
DA:27,4
DA:28,1
DA:29,1
DA:30,3
DA:31,3
DA:32,3
DA:33,3
DA:34,3
DA:35,3
DA:36,4
DA:37,4
DA:38,4
DA:39,1
DA:40,1
DA:41,1
LF:41
LH:41
BRDA:13,0,0,1
BRDA:16,1,0,3
BRDA:20,2,0,4
BRDA:25,3,0,4
BRDA:27,4,0,1
BRDA:30,5,0,3
BRF:6
BRH:6
end_of_record
TN:
SF:src\services\CreateCategoriesService.ts
FN:14,CreateCategoriesService
FN:18,Object.<anonymous>.CreateCategoriesService.execute
FNF:2
FNH:2
FNDA:3,CreateCategoriesService
FNDA:4,Object.<anonymous>.CreateCategoriesService.execute
DA:1,1
DA:2,1
DA:3,1
DA:4,1
DA:5,1
DA:6,1
DA:7,1
DA:8,1
DA:9,1
DA:10,1
DA:11,1
DA:12,1
DA:13,1
DA:14,1
DA:15,3
DA:16,3
DA:17,1
DA:18,1
DA:19,4
DA:20,4
DA:21,4
DA:22,1
DA:23,1
DA:24,3
DA:25,3
DA:26,4
DA:27,4
DA:28,4
DA:29,1
DA:30,1
DA:31,1
LF:31
LH:31
BRDA:11,0,0,1
BRDA:14,1,0,3
BRDA:18,2,0,4
BRDA:19,3,0,4
BRDA:21,4,0,1
BRDA:24,5,0,3
BRF:6
BRH:6
end_of_record
TN:
SF:src\services\CreateOrderService.ts
FN:1,(empty-report)
FNF:1
FNH:0
FNDA:0,(empty-report)
DA:1,0
DA:2,0
DA:3,0
DA:4,0
DA:5,0
DA:6,0
DA:7,0
DA:8,0
DA:9,0
DA:10,0
DA:11,0
DA:12,0
DA:13,0
DA:14,0
DA:15,0
DA:16,0
DA:17,0
DA:18,0
DA:19,0
DA:20,0
DA:21,0
DA:22,0
DA:23,0
DA:24,0
DA:25,0
DA:26,0
DA:27,0
DA:28,0
DA:29,0
DA:30,0
DA:31,0
DA:32,0
DA:33,0
DA:34,0
DA:35,0
LF:35
LH:0
BRDA:1,0,0,0
BRF:1
BRH:0
end_of_record
TN:
SF:src\services\CreateProductService.ts
FN:1,(empty-report)
FNF:1
FNH:0
FNDA:0,(empty-report)
DA:1,0
DA:2,0
DA:3,0
DA:4,0
DA:5,0
DA:6,0
DA:7,0
DA:8,0
DA:9,0
DA:10,0
DA:11,0
DA:12,0
DA:13,0
DA:14,0
DA:15,0
DA:16,0
DA:17,0
DA:18,0
DA:19,0
DA:20,0
DA:21,0
DA:22,0
DA:23,0
DA:24,0
DA:25,0
DA:26,0
DA:27,0
DA:28,0
DA:29,0
DA:30,0
DA:31,0
DA:32,0
DA:33,0
DA:34,0
DA:35,0
DA:36,0
DA:37,0
DA:38,0
DA:39,0
DA:40,0
DA:41,0
DA:42,0
DA:43,0
DA:44,0
DA:45,0
DA:46,0
LF:46
LH:0
BRDA:1,0,0,0
BRF:1
BRH:0
end_of_record
TN:
SF:src\services\CreateUserService.ts
FN:19,CreateUserService
FN:23,Object.<anonymous>.CreateUserService.execute
FNF:2
FNH:2
FNDA:2,CreateUserService
FNDA:2,Object.<anonymous>.CreateUserService.execute
DA:1,1
DA:2,1
DA:3,1
DA:4,1
DA:5,1
DA:6,1
DA:7,1
DA:8,1
DA:9,1
DA:10,1
DA:11,1
DA:12,1
DA:13,1
DA:14,1
DA:15,1
DA:16,1
DA:17,1
DA:18,1
DA:19,1
DA:20,2
DA:21,2
DA:22,1
DA:23,1
DA:24,2
DA:25,2
DA:26,2
DA:27,2
DA:28,2
DA:29,2
DA:30,2
DA:31,2
DA:32,2
DA:33,2
DA:34,2
DA:35,2
DA:36,2
DA:37,2
DA:38,2
DA:39,2
DA:40,2
DA:41,2
DA:42,2
DA:43,2
DA:44,2
DA:45,2
DA:46,2
DA:47,2
DA:48,1
DA:49,1
DA:50,1
LF:50
LH:50
BRDA:16,0,0,1
BRDA:19,1,0,2
BRDA:23,2,0,2
BRDA:32,3,0,2
BRF:4
BRH:4
end_of_record
